[DEBUG][Qt] 14.07.2026 15:31:29 [] (unknown:0) - Session start time .......: 20260714_153129
[DEBUG][Qt] 14.07.2026 15:31:29 [] (unknown:0) - Slicer version ...........: 5.10.0 (revision 34045 / a2b6d08) win-amd64 - installed release
[DEBUG][Qt] 14.07.2026 15:31:29 [] (unknown:0) - Operating system .........: Windows /  Professional / (Build 22631, Code Page 65001) - 64-bit
[DEBUG][Qt] 14.07.2026 15:31:29 [] (unknown:0) - Memory ...................: 65349 MB physical, 128256 MB virtual
[DEBUG][Qt] 14.07.2026 15:31:29 [] (unknown:0) - CPU ......................: GenuineIntel , 24 cores, 24 logical processors
[DEBUG][Qt] 14.07.2026 15:31:29 [] (unknown:0) - VTK configuration ........: OpenGL2 rendering, TBB threading
[DEBUG][Qt] 14.07.2026 15:31:29 [] (unknown:0) - Qt configuration .........: version 5.15.2, with SSL, requested OpenGL 3.2 (core profile)
[DEBUG][Qt] 14.07.2026 15:31:29 [] (unknown:0) - DCMTK configuration ......: version 3.6.8, no SSL
[DEBUG][Qt] 14.07.2026 15:31:29 [] (unknown:0) - Internationalization .....: disabled, language=
[DEBUG][Qt] 14.07.2026 15:31:29 [] (unknown:0) - Developer mode ...........: enabled
[DEBUG][Qt] 14.07.2026 15:31:29 [] (unknown:0) - Application path .........: C:/Users/esranko1/AppData/Local/slicer.org/3D Slicer 5.10.0/bin
[DEBUG][Qt] 14.07.2026 15:31:29 [] (unknown:0) - Additional module paths ..: C:/Users/esranko1/Desktop/Research_seg/AortaSegmentationSlicer/AortaSegmentation\AortaSegmentation, C:/Users/esranko1/Desktop/SlicerExtension-VMTK, C:/Users/esranko1/Desktop, slicer.org/Extensions-34045/SlicerVMTK/lib/Slicer-5.10/qt-loadable-modules, slicer.org/Extensions-34045/SlicerVMTK/lib/Slicer-5.10/qt-scripted-modules, slicer.org/Extensions-34045/ExtraMarkups/lib/Slicer-5.10/qt-loadable-modules, slicer.org/Extensions-34045/SegmentEditorExtraEffects/lib/Slicer-5.10/qt-loadable-modules, slicer.org/Extensions-34045/SegmentEditorExtraEffects/lib/Slicer-5.10/qt-scripted-modules, slicer.org/Extensions-34045/MarkupsToModel/lib/Slicer-5.10/qt-loadable-modules
[INFO][Stream] 14.07.2026 15:31:30 [] (unknown:0) -
[WARNING][Qt] 14.07.2026 15:31:38 [] (unknown:0) - QProcess: Destroyed while process ("C:\\Users\\esranko1\\Desktop\\Anaconda3-2025.12-2-Windows-x86_64.exe") is still running.
[CRITICAL][Qt] 14.07.2026 15:31:38 [] (unknown:0) -   Error(s):
    CLI executable: C:/Users/esranko1/Desktop/Anaconda3-2025.12-2-Windows-x86_64.exe
    The process timed out after 5000 msecs.
[CRITICAL][Qt] 14.07.2026 15:31:38 [] (unknown:0) - Fail to instantiate module  "Anaconda3-2025"
[CRITICAL][Stream] 14.07.2026 15:31:42 [] (unknown:0) - RuntimeError: qSlicerScriptedLoadableModule::setPythonSource - Failed to load scripted loadable module: class diagnostic was not found in file C:/Users/esranko1/Desktop/diagnostic.py
[CRITICAL][Qt] 14.07.2026 15:31:42 [] (unknown:0) - Fail to instantiate module  "diagnostic"
[CRITICAL][Stream] 14.07.2026 15:31:42 [] (unknown:0) - RuntimeError: qSlicerScriptedLoadableModule::setPythonSource - Failed to load scripted loadable module: class generate_json was not found in file C:/Users/esranko1/Desktop/generate_json.py
[CRITICAL][Qt] 14.07.2026 15:31:42 [] (unknown:0) - Fail to instantiate module  "generate_json"
[CRITICAL][Stream] 14.07.2026 15:31:42 [] (unknown:0) - RuntimeError: qSlicerScriptedLoadableModule::setPythonSource - Failed to load scripted loadable module: class script was not found in file C:/Users/esranko1/Desktop/script.py
[CRITICAL][Qt] 14.07.2026 15:31:42 [] (unknown:0) - Fail to instantiate module  "script"
[CRITICAL][Qt] 14.07.2026 15:31:42 [] (unknown:0) -   Error(s):
    CLI executable: C:/Users/esranko1/AppData/Local/slicer.org/3D Slicer 5.10.0/slicer.org/Extensions-34045/SlicerVMTK/lib/Slicer-5.10/qt-loadable-modules/vtkvmtk.py
    The process failed to start. Either the invoked program is missing, or you may have insufficient permissions to invoke the program.
[CRITICAL][Qt] 14.07.2026 15:31:42 [] (unknown:0) - Fail to instantiate module  "vtkvmtk"
[CRITICAL][Qt] 14.07.2026 15:31:42 [] (unknown:0) - The following modules failed to be instantiated:
[CRITICAL][Qt] 14.07.2026 15:31:42 [] (unknown:0) -    vtkvmtk
[CRITICAL][Qt] 14.07.2026 15:31:42 [] (unknown:0) -    diagnostic
[CRITICAL][Qt] 14.07.2026 15:31:42 [] (unknown:0) -    Anaconda3-2025
[CRITICAL][Qt] 14.07.2026 15:31:42 [] (unknown:0) -    script
[CRITICAL][Qt] 14.07.2026 15:31:42 [] (unknown:0) -    generate_json
[DEBUG][Python] 14.07.2026 15:31:43 [Python] (C:\Users\esranko1\AppData\Local\slicer.org\3D Slicer 5.10.0\lib\Slicer-5.10\qt-scripted-modules\SubjectHierarchyPlugins\AbstractScriptedSubjectHierarchyPlugin.py:40) - Scripted subject hierarchy plugin registered: SegmentEditor
[DEBUG][Python] 14.07.2026 15:31:43 [Python] (C:\Users\esranko1\AppData\Local\slicer.org\3D Slicer 5.10.0\lib\Slicer-5.10\qt-scripted-modules\SubjectHierarchyPlugins\AbstractScriptedSubjectHierarchyPlugin.py:40) - Scripted subject hierarchy plugin registered: SegmentStatistics
[DEBUG][Qt] 14.07.2026 15:31:43 [] (unknown:0) - Switch to module:  "Welcome"
[DEBUG][Qt] 14.07.2026 15:31:50 [] (unknown:0) - Switch to module:  "AortaSegmentation"
[INFO][VTK] 14.07.2026 15:32:02 [vtkMRMLSegmentationStorageNode (0000029681F3B040)] (C:\D\S\S-0\Libs\MRML\Core\vtkMRMLSegmentationStorageNode.cxx:608) - ReferenceImageExtentOffset attribute was not found in NRRD segmentation file. Assume no offset.
[DEBUG][Qt] 14.07.2026 15:32:02 [] (unknown:0) - "Segmentation" Reader has successfully read the file "C:/Users/esranko1/Desktop/Research_seg/Data_Aorta_Sorted/nnUNet_raw/Dataset021_CTAAorta/labelsTr/PT089_M_F1.nii.gz" "[0.06s]"
[INFO][Python] 14.07.2026 15:32:08 [Python] (C:/Users/esranko1/Desktop/Research_seg/AortaSegmentationSlicer/AortaSegmentation/AortaSegmentation/AortaSegmentation.py:421) - Exporting segmentation...
[INFO][Python] 14.07.2026 15:32:08 [Python] (C:/Users/esranko1/Desktop/Research_seg/AortaSegmentationSlicer/AortaSegmentation/AortaSegmentation/AortaSegmentation.py:421) - Computing aorta morphology metrics (this can take a minute)...
[INFO][Python] 14.07.2026 15:32:15 [Python] (C:/Users/esranko1/Desktop/Research_seg/AortaSegmentationSlicer/AortaSegmentation/AortaSegmentation/AortaSegmentation.py:421) - DEBUG: mask had 4 connected components; kept the largest (32166 of 32176 voxels)
[INFO][Python] 14.07.2026 15:32:15 [Python] (C:/Users/esranko1/Desktop/Research_seg/AortaSegmentationSlicer/AortaSegmentation/AortaSegmentation/AortaSegmentation.py:421) - DEBUG: decimated surface from 15771 to 5068 points
[INFO][Python] 14.07.2026 15:32:16 [Python] (C:/Users/esranko1/Desktop/Research_seg/AortaSegmentationSlicer/AortaSegmentation/AortaSegmentation/AortaSegmentation.py:421) - DEBUG: 7 vessel-tree endpoints found (topology-based)
[INFO][Python] 14.07.2026 15:32:16 [Python] (C:/Users/esranko1/Desktop/Research_seg/AortaSegmentationSlicer/AortaSegmentation/AortaSegmentation/AortaSegmentation.py:421) - DEBUG: aorta ends selected: p0=(-29.141151428222656, -21.076833724975586, -23.378013610839844) p1=(9.1468191146850586, -25.510345458984375, -214.07177734375)
[INFO][Python] 14.07.2026 15:32:16 [Python] (C:/Users/esranko1/Desktop/Research_seg/AortaSegmentationSlicer/AortaSegmentation/AortaSegmentation/AortaSegmentation.py:421) - DEBUG: clip radius=5.0 -> 5 boundary loops: [(-29.107875225590725, -21.487034330181046, -23.586552713431566), (11.22052592735786, -26.446415864027941, -206.13626078816202), (-45.950773351332721, -40.987113503848803, -29.196480077855728), (-22.996720671653748, -67.425221920013428, 53.419822216033936), (-21.797693667204484, -79.8749129253885, 27.007090900255285)]
[INFO][Python] 14.07.2026 15:32:16 [Python] (C:/Users/esranko1/Desktop/Research_seg/AortaSegmentationSlicer/AortaSegmentation/AortaSegmentation/AortaSegmentation.py:421) - DEBUG: cap centroids selected: source=(-29.107875225590725, -21.487034330181046, -23.586552713431566) target=(11.22052592735786, -26.446415864027941, -206.13626078816202)
[INFO][Python] 14.07.2026 15:32:16 [Python] (C:/Users/esranko1/Desktop/Research_seg/AortaSegmentationSlicer/AortaSegmentation/AortaSegmentation/AortaSegmentation.py:421) - Cleaning surface.
[INFO][Python] 14.07.2026 15:32:16 [Python] (C:/Users/esranko1/Desktop/Research_seg/AortaSegmentationSlicer/AortaSegmentation/AortaSegmentation/AortaSegmentation.py:421) - Triangulating surface.
[INFO][Python] 14.07.2026 15:32:16 [Python] (C:/Users/esranko1/Desktop/Research_seg/AortaSegmentationSlicer/AortaSegmentation/AortaSegmentation/AortaSegmentation.py:421) - Computing centerlines.
[INFO][Python] 14.07.2026 15:32:16 [Python] (C:/Users/esranko1/Desktop/Research_seg/AortaSegmentationSlicer/AortaSegmentation/AortaSegmentation/AortaSegmentation.py:421) - Computing centerlines...DEBUG: centerline computed: 470 points, 1 cells
[INFO][Python] 14.07.2026 15:32:16 [Python] (C:/Users/esranko1/Desktop/Research_seg/AortaSegmentationSlicer/AortaSegmentation/AortaSegmentation/AortaSegmentation.py:421) - DiameterMIS:        23.5850
[INFO][Python] 14.07.2026 15:32:16 [Python] (C:/Users/esranko1/Desktop/Research_seg/AortaSegmentationSlicer/AortaSegmentation/AortaSegmentation/AortaSegmentation.py:421) - CrossSectionalArea: 418.8510
[INFO][Python] 14.07.2026 15:32:16 [Python] (C:/Users/esranko1/Desktop/Research_seg/AortaSegmentationSlicer/AortaSegmentation/AortaSegmentation/AortaSegmentation.py:421) - DiameterCE:         23.0932
[INFO][Python] 14.07.2026 15:32:16 [Python] (C:/Users/esranko1/Desktop/Research_seg/AortaSegmentationSlicer/AortaSegmentation/AortaSegmentation/AortaSegmentation.py:421) - Length:             361.3560
[INFO][Python] 14.07.2026 15:32:16 [Python] (C:/Users/esranko1/Desktop/Research_seg/AortaSegmentationSlicer/AortaSegmentation/AortaSegmentation/AortaSegmentation.py:421) - Curvature (mean):   0.026633
[INFO][Python] 14.07.2026 15:32:16 [Python] (C:/Users/esranko1/Desktop/Research_seg/AortaSegmentationSlicer/AortaSegmentation/AortaSegmentation/AortaSegmentation.py:421) - Torsion (mean):     0.003725
[INFO][Python] 14.07.2026 15:32:16 [Python] (C:/Users/esranko1/Desktop/Research_seg/AortaSegmentationSlicer/AortaSegmentation/AortaSegmentation/AortaSegmentation.py:421) - Tortuosity:         1.94574
[INFO][Python] 14.07.2026 15:32:16 [Python] (C:/Users/esranko1/Desktop/Research_seg/AortaSegmentationSlicer/AortaSegmentation/AortaSegmentation/AortaSegmentation.py:421) - SurfaceAreamm2:     16335.4924
[INFO][Python] 14.07.2026 15:32:16 [Python] (C:/Users/esranko1/Desktop/Research_seg/AortaSegmentationSlicer/AortaSegmentation/AortaSegmentation/AortaSegmentation.py:421) - Volumemm3:          60311.2524
[INFO][Python] 14.07.2026 15:32:16 [Python] (C:/Users/esranko1/Desktop/Research_seg/AortaSegmentationSlicer/AortaSegmentation/AortaSegmentation/AortaSegmentation.py:421) - Wrote metrics to C:\Users\esranko1\Desktop\Research_seg\AortaSegmentationSlicer\AortaSegmentation\AortaSegmentation\__SlicerTemp__2026-07-14_15+32+08.381\metrics.json
[INFO][Python] 14.07.2026 15:32:16 [Python] (C:/Users/esranko1/Desktop/Research_seg/AortaSegmentationSlicer/AortaSegmentation/AortaSegmentation/AortaSegmentation.py:421) - Done.
[INFO][Python] 14.07.2026 15:32:16 [Python] (C:/Users/esranko1/Desktop/Research_seg/AortaSegmentationSlicer/AortaSegmentation/AortaSegmentation/AortaSegmentation.py:453) - Metrics computed in 8.28 seconds
[DEBUG][Qt] 14.07.2026 15:35:54 [] (unknown:0) - Switch to module:  ""
