[DEBUG][Qt] 14.07.2026 15:35:56 [] (unknown:0) - Session start time .......: 20260714_153556
[DEBUG][Qt] 14.07.2026 15:35:56 [] (unknown:0) - Slicer version ...........: 5.10.0 (revision 34045 / a2b6d08) win-amd64 - installed release
[DEBUG][Qt] 14.07.2026 15:35:56 [] (unknown:0) - Operating system .........: Windows /  Professional / (Build 22631, Code Page 65001) - 64-bit
[DEBUG][Qt] 14.07.2026 15:35:56 [] (unknown:0) - Memory ...................: 65349 MB physical, 128256 MB virtual
[DEBUG][Qt] 14.07.2026 15:35:56 [] (unknown:0) - CPU ......................: GenuineIntel , 24 cores, 24 logical processors
[DEBUG][Qt] 14.07.2026 15:35:56 [] (unknown:0) - VTK configuration ........: OpenGL2 rendering, TBB threading
[DEBUG][Qt] 14.07.2026 15:35:56 [] (unknown:0) - Qt configuration .........: version 5.15.2, with SSL, requested OpenGL 3.2 (core profile)
[DEBUG][Qt] 14.07.2026 15:35:56 [] (unknown:0) - DCMTK configuration ......: version 3.6.8, no SSL
[DEBUG][Qt] 14.07.2026 15:35:56 [] (unknown:0) - Internationalization .....: disabled, language=
[DEBUG][Qt] 14.07.2026 15:35:56 [] (unknown:0) - Developer mode ...........: enabled
[DEBUG][Qt] 14.07.2026 15:35:56 [] (unknown:0) - Application path .........: C:/Users/esranko1/AppData/Local/slicer.org/3D Slicer 5.10.0/bin
[DEBUG][Qt] 14.07.2026 15:35:56 [] (unknown:0) - Additional module paths ..: C:/Users/esranko1/Desktop/Research_seg/AortaSegmentationSlicer/AortaSegmentation\AortaSegmentation, C:/Users/esranko1/Desktop/SlicerExtension-VMTK, C:/Users/esranko1/Desktop, slicer.org/Extensions-34045/SlicerVMTK/lib/Slicer-5.10/qt-loadable-modules, slicer.org/Extensions-34045/SlicerVMTK/lib/Slicer-5.10/qt-scripted-modules, slicer.org/Extensions-34045/ExtraMarkups/lib/Slicer-5.10/qt-loadable-modules, slicer.org/Extensions-34045/SegmentEditorExtraEffects/lib/Slicer-5.10/qt-loadable-modules, slicer.org/Extensions-34045/SegmentEditorExtraEffects/lib/Slicer-5.10/qt-scripted-modules, slicer.org/Extensions-34045/MarkupsToModel/lib/Slicer-5.10/qt-loadable-modules
[INFO][Stream] 14.07.2026 15:35:57 [] (unknown:0) -
[WARNING][Qt] 14.07.2026 15:36:02 [] (unknown:0) - QProcess: Destroyed while process ("C:\\Users\\esranko1\\Desktop\\Anaconda3-2025.12-2-Windows-x86_64.exe") is still running.
[CRITICAL][Qt] 14.07.2026 15:36:02 [] (unknown:0) -   Error(s):
    CLI executable: C:/Users/esranko1/Desktop/Anaconda3-2025.12-2-Windows-x86_64.exe
    The process timed out after 5000 msecs.
[CRITICAL][Qt] 14.07.2026 15:36:02 [] (unknown:0) - Fail to instantiate module  "Anaconda3-2025"
[CRITICAL][Stream] 14.07.2026 15:36:03 [] (unknown:0) - RuntimeError: qSlicerScriptedLoadableModule::setPythonSource - Failed to load scripted loadable module: class diagnostic was not found in file C:/Users/esranko1/Desktop/diagnostic.py
[CRITICAL][Qt] 14.07.2026 15:36:03 [] (unknown:0) - Fail to instantiate module  "diagnostic"
[CRITICAL][Stream] 14.07.2026 15:36:03 [] (unknown:0) - RuntimeError: qSlicerScriptedLoadableModule::setPythonSource - Failed to load scripted loadable module: class generate_json was not found in file C:/Users/esranko1/Desktop/generate_json.py
[CRITICAL][Qt] 14.07.2026 15:36:03 [] (unknown:0) - Fail to instantiate module  "generate_json"
[CRITICAL][Stream] 14.07.2026 15:36:03 [] (unknown:0) - RuntimeError: qSlicerScriptedLoadableModule::setPythonSource - Failed to load scripted loadable module: class script was not found in file C:/Users/esranko1/Desktop/script.py
[CRITICAL][Qt] 14.07.2026 15:36:03 [] (unknown:0) - Fail to instantiate module  "script"
[CRITICAL][Qt] 14.07.2026 15:36:03 [] (unknown:0) -   Error(s):
    CLI executable: C:/Users/esranko1/AppData/Local/slicer.org/3D Slicer 5.10.0/slicer.org/Extensions-34045/SlicerVMTK/lib/Slicer-5.10/qt-loadable-modules/vtkvmtk.py
    The process failed to start. Either the invoked program is missing, or you may have insufficient permissions to invoke the program.
[CRITICAL][Qt] 14.07.2026 15:36:03 [] (unknown:0) - Fail to instantiate module  "vtkvmtk"
[CRITICAL][Qt] 14.07.2026 15:36:03 [] (unknown:0) - The following modules failed to be instantiated:
[CRITICAL][Qt] 14.07.2026 15:36:03 [] (unknown:0) -    Anaconda3-2025
[CRITICAL][Qt] 14.07.2026 15:36:03 [] (unknown:0) -    vtkvmtk
[CRITICAL][Qt] 14.07.2026 15:36:03 [] (unknown:0) -    script
[CRITICAL][Qt] 14.07.2026 15:36:03 [] (unknown:0) -    generate_json
[CRITICAL][Qt] 14.07.2026 15:36:03 [] (unknown:0) -    diagnostic
[DEBUG][Python] 14.07.2026 15:36:03 [Python] (C:\Users\esranko1\AppData\Local\slicer.org\3D Slicer 5.10.0\lib\Slicer-5.10\qt-scripted-modules\SubjectHierarchyPlugins\AbstractScriptedSubjectHierarchyPlugin.py:40) - Scripted subject hierarchy plugin registered: SegmentEditor
[DEBUG][Python] 14.07.2026 15:36:03 [Python] (C:\Users\esranko1\AppData\Local\slicer.org\3D Slicer 5.10.0\lib\Slicer-5.10\qt-scripted-modules\SubjectHierarchyPlugins\AbstractScriptedSubjectHierarchyPlugin.py:40) - Scripted subject hierarchy plugin registered: SegmentStatistics
[DEBUG][Qt] 14.07.2026 15:36:03 [] (unknown:0) - Switch to module:  "Welcome"
[DEBUG][Qt] 14.07.2026 15:36:11 [] (unknown:0) - Switch to module:  ""
